<?xml version="1.0" encoding="UTF-8"?>
<!-- Generated by org.testng.reporters.JUnitReportReporter -->
<testsuite hostname="amit-LENOVO-3000-G580" name="com.test.jbilling.LoginTest" tests="1" failures="0" timestamp="5 Apr 2016 13:38:24 GMT" time="2.296" errors="0">
  <testcase name="testLoginTestJbilling" time="2.296" classname="com.test.jbilling.LoginTest"/>
</testsuite> <!-- com.test.jbilling.LoginTest -->
