<?xml version="1.0" encoding="UTF-8"?>
<!-- Generated by org.testng.reporters.JUnitReportReporter -->
<testsuite hostname="amit-LENOVO-3000-G580" name="com.test.jbilling.LoginTest" tests="1" failures="0" timestamp="3 Apr 2016 11:48:59 GMT" time="1.840" errors="0">
  <testcase name="testLoginTestJbilling" time="1.840" classname="com.test.jbilling.LoginTest"/>
</testsuite> <!-- com.test.jbilling.LoginTest -->
